This file contains any messages produced by compilers while
running configure, to aid debugging if configure makes a mistake.

It was created by libpng configure 1.5.11, which was
generated by GNU Autoconf 2.68.  Invocation command line was

  $ ./configure --prefix=/Users/tetsushi2/Documents/Develop/shootingApp/shootingApp/lib/libpng-1.5.11/install_macosx CFLAGS=-Ofast -mmacosx-version-min=10.7 LDFLAGS=-flto CC=xcrun -sdk macosx clang -arch x86_64

## --------- ##
## Platform. ##
## --------- ##

hostname = Tetsushi-no-iMac.local
uname -m = x86_64
uname -r = 13.3.0
uname -s = Darwin
uname -v = Darwin Kernel Version 13.3.0: Tue Jun  3 21:27:35 PDT 2014; root:xnu-2422.110.17~1/RELEASE_X86_64

/usr/bin/uname -p = i386
/bin/uname -X     = unknown

/bin/arch              = unknown
/usr/bin/arch -k       = unknown
/usr/convex/getsysinfo = unknown
/usr/bin/hostinfo      = Mach kernel version:
	 Darwin Kernel Version 13.3.0: Tue Jun  3 21:27:35 PDT 2014; root:xnu-2422.110.17~1/RELEASE_X86_64
Kernel configured for up to 4 processors.
4 processors are physically available.
4 processors are logically available.
Processor type: i486 (Intel 80486)
Processors active: 0 1 2 3
Primary memory available: 20.00 gigabytes
Default processor set: 317 tasks, 1772 threads, 4 processors
Load average: 2.75, Mach factor: 2.12
/bin/machine           = unknown
/usr/bin/oslevel       = unknown
/bin/universe          = unknown

PATH: /usr/local/bin
PATH: /Users/tetsushi2/.pyenv/shims
PATH: /Users/tetsushi2/.rbenv/shims
PATH: /devLibrary
PATH: /devLibrary/cocos2d-x-3.10/templates
PATH: /devLibrary/cocos2d-x-3.10/tools/cocos2d-console/bin
PATH: /usr/local/Qt-4.8.6/bin
PATH: /opt/iOSOpenDev/bin
PATH: /opt/local/bin
PATH: /opt/local/sbin
PATH: /opt/local/bin
PATH: /opt/local/sbin
PATH: /usr/local/Cellar/imagemagick/6.8.6-3/bin
PATH: /Applications/Firefox.app/Contents/MacOS/
PATH: /opt/local/bin
PATH: /opt/local/sbin
PATH: /Users/tetsushi2/.pyenv/shims
PATH: /Users/tetsushi2/.rbenv/shims
PATH: /devLibrary
PATH: /devLibrary/cocos2d-x-3.10/templates
PATH: /devLibrary/cocos2d-x-3.10/tools/cocos2d-console/bin
PATH: /usr/local/Qt-4.8.6/bin
PATH: /opt/iOSOpenDev/bin
PATH: /opt/local/bin
PATH: /opt/local/sbin
PATH: /opt/local/bin
PATH: /opt/local/sbin
PATH: /usr/local/Cellar/imagemagick/6.8.6-3/bin
PATH: /Applications/Firefox.app/Contents/MacOS/
PATH: /opt/local/bin
PATH: /opt/local/sbin
PATH: /Applications/Xcode.app/Contents/Developer/Platforms/iPhoneOS.platform/Developer/usr/bin
PATH: /Users/tetsushi2/.pyenv/shims
PATH: /Users/tetsushi2/.rbenv/shims
PATH: /devLibrary
PATH: /devLibrary/cocos2d-x-3.10/templates
PATH: /devLibrary/cocos2d-x-3.10/tools/cocos2d-console/bin
PATH: /usr/local/Qt-4.8.6/bin
PATH: /opt/iOSOpenDev/bin
PATH: /opt/local/bin
PATH: /opt/local/sbin
PATH: /opt/local/bin
PATH: /opt/local/sbin
PATH: /usr/local/Cellar/imagemagick/6.8.6-3/bin
PATH: /Applications/Firefox.app/Contents/MacOS/
PATH: /opt/local/bin
PATH: /opt/local/sbin
PATH: /usr/bin
PATH: /bin
PATH: /usr/sbin
PATH: /sbin
PATH: /usr/local/bin
PATH: /opt/X11/bin
PATH: /Applications/Xcode.app/Contents/Developer/Platforms/iPhoneOS.platform/Developer/usr/bin
PATH: /Applications/Xcode.app/Contents/Developer/Platforms/iPhoneOS.platform/Developer/usr/bin


## ----------- ##
## Core tests. ##
## ----------- ##

configure:2321: checking for a BSD-compatible install
configure:2389: result: /usr/bin/install -c
configure:2400: checking whether build environment is sane
configure:2450: result: yes
configure:2591: checking for a thread-safe mkdir -p
configure:2630: result: ./install-sh -c -d
configure:2643: checking for gawk
configure:2673: result: no
configure:2643: checking for mawk
configure:2673: result: no
configure:2643: checking for nawk
configure:2673: result: no
configure:2643: checking for awk
configure:2659: found /usr/bin/awk
configure:2670: result: awk
configure:2681: checking whether make sets $(MAKE)
configure:2703: result: yes
configure:2784: checking whether to enable maintainer-specific portions of Makefiles
configure:2793: result: no
configure:2872: checking for gcc
configure:2899: result: xcrun -sdk macosx clang -arch x86_64
configure:3128: checking for C compiler version
configure:3137: xcrun -sdk macosx clang -arch x86_64 --version >&5
Apple LLVM version 5.1 (clang-503.0.40) (based on LLVM 3.4svn)
Target: x86_64-apple-darwin13.3.0
Thread model: posix
configure:3148: $? = 0
configure:3137: xcrun -sdk macosx clang -arch x86_64 -v >&5
Apple LLVM version 5.1 (clang-503.0.40) (based on LLVM 3.4svn)
Target: x86_64-apple-darwin13.3.0
Thread model: posix
configure:3148: $? = 0
configure:3137: xcrun -sdk macosx clang -arch x86_64 -V >&5
clang: error: argument to '-V' is missing (expected 1 value)
clang: error: no input files
configure:3148: $? = 1
configure:3137: xcrun -sdk macosx clang -arch x86_64 -qversion >&5
clang: error: unknown argument: '-qversion' [-Wunused-command-line-argument-hard-error-in-future]
clang: note: this will be a hard error (cannot be downgraded to a warning) in the future
clang: error: no input files
configure:3148: $? = 1
configure:3168: checking whether the C compiler works
configure:3190: xcrun -sdk macosx clang -arch x86_64 -Ofast -mmacosx-version-min=10.7  -flto conftest.c  >&5
configure:3194: $? = 0
configure:3242: result: yes
configure:3245: checking for C compiler default output file name
configure:3247: result: a.out
configure:3253: checking for suffix of executables
configure:3260: xcrun -sdk macosx clang -arch x86_64 -o conftest -Ofast -mmacosx-version-min=10.7  -flto conftest.c  >&5
configure:3264: $? = 0
configure:3286: result: 
configure:3308: checking whether we are cross compiling
configure:3316: xcrun -sdk macosx clang -arch x86_64 -o conftest -Ofast -mmacosx-version-min=10.7  -flto conftest.c  >&5
configure:3320: $? = 0
configure:3327: ./conftest
configure:3331: $? = 0
configure:3346: result: no
configure:3351: checking for suffix of object files
configure:3373: xcrun -sdk macosx clang -arch x86_64 -c -Ofast -mmacosx-version-min=10.7  conftest.c >&5
configure:3377: $? = 0
configure:3398: result: o
configure:3402: checking whether we are using the GNU C compiler
configure:3421: xcrun -sdk macosx clang -arch x86_64 -c -Ofast -mmacosx-version-min=10.7  conftest.c >&5
configure:3421: $? = 0
configure:3430: result: yes
configure:3439: checking whether xcrun -sdk macosx clang -arch x86_64 accepts -g
configure:3459: xcrun -sdk macosx clang -arch x86_64 -c -g  conftest.c >&5
configure:3459: $? = 0
configure:3500: result: yes
configure:3517: checking for xcrun -sdk macosx clang -arch x86_64 option to accept ISO C89
configure:3581: xcrun -sdk macosx clang -arch x86_64  -c -Ofast -mmacosx-version-min=10.7  conftest.c >&5
configure:3581: $? = 0
configure:3594: result: none needed
configure:3625: checking for style of include used by make
configure:3653: result: GNU
configure:3679: checking dependency style of xcrun -sdk macosx clang -arch x86_64
configure:3790: result: gcc3
configure:3814: checking dependency style of xcrun -sdk macosx clang -arch x86_64
configure:3923: result: gcc3
configure:3942: checking build system type
configure:3956: result: x86_64-apple-darwin13.3.0
configure:3976: checking host system type
configure:3989: result: x86_64-apple-darwin13.3.0
configure:4009: checking for a sed that does not truncate output
configure:4073: result: /usr/bin/sed
configure:4091: checking for grep that handles long lines and -e
configure:4149: result: /usr/bin/grep
configure:4154: checking for egrep
configure:4216: result: /usr/bin/grep -E
configure:4221: checking for fgrep
configure:4283: result: /usr/bin/grep -F
configure:4310: checking how to print strings
configure:4337: result: printf
configure:4370: checking for ld used by xcrun -sdk macosx clang -arch x86_64
configure:4437: result: /Applications/Xcode.app/Contents/Developer/Toolchains/XcodeDefault.xctoolchain/usr/bin/ld
configure:4444: checking if the linker (/Applications/Xcode.app/Contents/Developer/Toolchains/XcodeDefault.xctoolchain/usr/bin/ld) is GNU ld
configure:4459: result: no
configure:4476: checking how to run the C preprocessor
configure:4507: xcrun -sdk macosx clang -arch x86_64 -E  conftest.c
configure:4507: $? = 0
configure:4521: xcrun -sdk macosx clang -arch x86_64 -E  conftest.c
conftest.c:11:10: fatal error: 'ac_nonexistent.h' file not found
#include <ac_nonexistent.h>
         ^
1 error generated.
configure:4521: $? = 1
configure: failed program was:
| /* confdefs.h */
| #define PACKAGE_NAME "libpng"
| #define PACKAGE_TARNAME "libpng"
| #define PACKAGE_VERSION "1.5.11"
| #define PACKAGE_STRING "libpng 1.5.11"
| #define PACKAGE_BUGREPORT "png-mng-implement@lists.sourceforge.net"
| #define PACKAGE_URL ""
| #define PACKAGE "libpng"
| #define VERSION "1.5.11"
| /* end confdefs.h.  */
| #include <ac_nonexistent.h>
configure:4546: result: xcrun -sdk macosx clang -arch x86_64 -E
configure:4566: xcrun -sdk macosx clang -arch x86_64 -E  conftest.c
configure:4566: $? = 0
configure:4580: xcrun -sdk macosx clang -arch x86_64 -E  conftest.c
conftest.c:11:10: fatal error: 'ac_nonexistent.h' file not found
#include <ac_nonexistent.h>
         ^
1 error generated.
configure:4580: $? = 1
configure: failed program was:
| /* confdefs.h */
| #define PACKAGE_NAME "libpng"
| #define PACKAGE_TARNAME "libpng"
| #define PACKAGE_VERSION "1.5.11"
| #define PACKAGE_STRING "libpng 1.5.11"
| #define PACKAGE_BUGREPORT "png-mng-implement@lists.sourceforge.net"
| #define PACKAGE_URL ""
| #define PACKAGE "libpng"
| #define VERSION "1.5.11"
| /* end confdefs.h.  */
| #include <ac_nonexistent.h>
configure:4651: checking for sed
configure:4678: result: /usr/bin/sed
configure:4793: checking whether ln -s works
configure:4797: result: yes
configure:4804: checking whether make sets $(MAKE)
configure:4826: result: yes
configure:4877: checking for BSD- or MS-compatible name lister (nm)
configure:4926: result: /Applications/Xcode.app/Contents/Developer/Platforms/iPhoneOS.platform/Developer/usr/bin/nm
configure:5056: checking the name lister (/Applications/Xcode.app/Contents/Developer/Platforms/iPhoneOS.platform/Developer/usr/bin/nm) interface
configure:5063: xcrun -sdk macosx clang -arch x86_64 -c -Ofast -mmacosx-version-min=10.7  conftest.c >&5
configure:5066: /Applications/Xcode.app/Contents/Developer/Platforms/iPhoneOS.platform/Developer/usr/bin/nm "conftest.o"
configure:5069: output
0000000000000000 S _some_variable
configure:5076: result: BSD nm
configure:5080: checking the maximum length of command line arguments
configure:5210: result: 196608
configure:5227: checking whether the shell understands some XSI constructs
configure:5237: result: yes
configure:5241: checking whether the shell understands "+="
configure:5247: result: yes
configure:5282: checking how to convert x86_64-apple-darwin13.3.0 file names to x86_64-apple-darwin13.3.0 format
configure:5322: result: func_convert_file_noop
configure:5329: checking how to convert x86_64-apple-darwin13.3.0 file names to toolchain format
configure:5349: result: func_convert_file_noop
configure:5356: checking for /Applications/Xcode.app/Contents/Developer/Toolchains/XcodeDefault.xctoolchain/usr/bin/ld option to reload object files
configure:5363: result: -r
configure:5437: checking for objdump
configure:5467: result: no
configure:5493: checking how to recognize dependent libraries
configure:5695: result: pass_all
configure:5780: checking for dlltool
configure:5810: result: no
configure:5837: checking how to associate runtime and link libraries
configure:5864: result: printf %s\n
configure:5925: checking for ar
configure:5941: found /Applications/Xcode.app/Contents/Developer/Platforms/iPhoneOS.platform/Developer/usr/bin/ar
configure:5952: result: ar
configure:5989: checking for archiver @FILE support
configure:6006: xcrun -sdk macosx clang -arch x86_64 -c -Ofast -mmacosx-version-min=10.7  conftest.c >&5
configure:6006: $? = 0
configure:6009: ar cru libconftest.a @conftest.lst >&5
ar: @conftest.lst: No such file or directory
configure:6012: $? = 1
configure:6032: result: no
configure:6090: checking for strip
configure:6106: found /Applications/Xcode.app/Contents/Developer/Platforms/iPhoneOS.platform/Developer/usr/bin/strip
configure:6117: result: strip
configure:6189: checking for ranlib
configure:6205: found /Applications/Xcode.app/Contents/Developer/Platforms/iPhoneOS.platform/Developer/usr/bin/ranlib
configure:6216: result: ranlib
configure:6318: checking command to parse /Applications/Xcode.app/Contents/Developer/Platforms/iPhoneOS.platform/Developer/usr/bin/nm output from xcrun -sdk macosx clang -arch x86_64 object
configure:6438: xcrun -sdk macosx clang -arch x86_64 -c -Ofast -mmacosx-version-min=10.7  conftest.c >&5
configure:6441: $? = 0
configure:6445: /Applications/Xcode.app/Contents/Developer/Platforms/iPhoneOS.platform/Developer/usr/bin/nm conftest.o \| sed -n -e 's/^.*[ ]\([BCDEGRST][BCDEGRST]*\)[ ][ ]*\([_A-Za-z][_A-Za-z0-9]*\)$/\1 \2 \2/p' | sed '/ __gnu_lto/d' \> conftest.nm
configure:6448: $? = 0
cannot find nm_test_var in conftest.nm
configure:6438: xcrun -sdk macosx clang -arch x86_64 -c -Ofast -mmacosx-version-min=10.7  conftest.c >&5
configure:6441: $? = 0
configure:6445: /Applications/Xcode.app/Contents/Developer/Platforms/iPhoneOS.platform/Developer/usr/bin/nm conftest.o \| sed -n -e 's/^.*[ ]\([BCDEGRST][BCDEGRST]*\)[ ][ ]*_\([_A-Za-z][_A-Za-z0-9]*\)$/\1 _\2 \2/p' | sed '/ __gnu_lto/d' \> conftest.nm
configure:6448: $? = 0
configure:6514: xcrun -sdk macosx clang -arch x86_64 -o conftest -Ofast -mmacosx-version-min=10.7  -flto conftest.c conftstm.o >&5
configure:6517: $? = 0
configure:6555: result: ok
configure:6592: checking for sysroot
configure:6622: result: no
configure:6878: checking for mt
configure:6908: result: no
configure:6928: checking if : is a manifest tool
configure:6934: : '-?'
configure:6942: result: no
configure:6998: checking for dsymutil
configure:7014: found /Applications/Xcode.app/Contents/Developer/Platforms/iPhoneOS.platform/Developer/usr/bin/dsymutil
configure:7025: result: dsymutil
configure:7090: checking for nmedit
configure:7106: found /Applications/Xcode.app/Contents/Developer/Platforms/iPhoneOS.platform/Developer/usr/bin/nmedit
configure:7117: result: nmedit
configure:7182: checking for lipo
configure:7198: found /Applications/Xcode.app/Contents/Developer/Platforms/iPhoneOS.platform/Developer/usr/bin/lipo
configure:7209: result: lipo
configure:7274: checking for otool
configure:7290: found /Applications/Xcode.app/Contents/Developer/Platforms/iPhoneOS.platform/Developer/usr/bin/otool
configure:7301: result: otool
configure:7366: checking for otool64
configure:7396: result: no
configure:7441: checking for -single_module linker flag
xcrun -sdk macosx clang -arch x86_64 -Ofast -mmacosx-version-min=10.7 -flto -o libconftest.dylib -dynamiclib -Wl,-single_module conftest.c
configure:7474: result: yes
configure:7477: checking for -exported_symbols_list linker flag
configure:7497: xcrun -sdk macosx clang -arch x86_64 -o conftest -Ofast -mmacosx-version-min=10.7  -flto -Wl,-exported_symbols_list,conftest.sym conftest.c  >&5
configure:7497: $? = 0
configure:7507: result: yes
configure:7510: checking for -force_load linker flag
xcrun -sdk macosx clang -arch x86_64 -Ofast -mmacosx-version-min=10.7 -c -o conftest.o conftest.c
ar cru libconftest.a conftest.o
ranlib libconftest.a
xcrun -sdk macosx clang -arch x86_64 -Ofast -mmacosx-version-min=10.7 -flto -o conftest conftest.c -Wl,-force_load,./libconftest.a
configure:7542: result: yes
configure:7580: checking for ANSI C header files
configure:7600: xcrun -sdk macosx clang -arch x86_64 -c -Ofast -mmacosx-version-min=10.7  conftest.c >&5
configure:7600: $? = 0
configure:7673: xcrun -sdk macosx clang -arch x86_64 -o conftest -Ofast -mmacosx-version-min=10.7  -flto conftest.c  >&5
configure:7673: $? = 0
configure:7673: ./conftest
configure:7673: $? = 0
configure:7684: result: yes
configure:7697: checking for sys/types.h
configure:7697: xcrun -sdk macosx clang -arch x86_64 -c -Ofast -mmacosx-version-min=10.7  conftest.c >&5
configure:7697: $? = 0
configure:7697: result: yes
configure:7697: checking for sys/stat.h
configure:7697: xcrun -sdk macosx clang -arch x86_64 -c -Ofast -mmacosx-version-min=10.7  conftest.c >&5
configure:7697: $? = 0
configure:7697: result: yes
configure:7697: checking for stdlib.h
configure:7697: xcrun -sdk macosx clang -arch x86_64 -c -Ofast -mmacosx-version-min=10.7  conftest.c >&5
configure:7697: $? = 0
configure:7697: result: yes
configure:7697: checking for string.h
configure:7697: xcrun -sdk macosx clang -arch x86_64 -c -Ofast -mmacosx-version-min=10.7  conftest.c >&5
configure:7697: $? = 0
configure:7697: result: yes
configure:7697: checking for memory.h
configure:7697: xcrun -sdk macosx clang -arch x86_64 -c -Ofast -mmacosx-version-min=10.7  conftest.c >&5
configure:7697: $? = 0
configure:7697: result: yes
configure:7697: checking for strings.h
configure:7697: xcrun -sdk macosx clang -arch x86_64 -c -Ofast -mmacosx-version-min=10.7  conftest.c >&5
configure:7697: $? = 0
configure:7697: result: yes
configure:7697: checking for inttypes.h
configure:7697: xcrun -sdk macosx clang -arch x86_64 -c -Ofast -mmacosx-version-min=10.7  conftest.c >&5
configure:7697: $? = 0
configure:7697: result: yes
configure:7697: checking for stdint.h
configure:7697: xcrun -sdk macosx clang -arch x86_64 -c -Ofast -mmacosx-version-min=10.7  conftest.c >&5
configure:7697: $? = 0
configure:7697: result: yes
configure:7697: checking for unistd.h
configure:7697: xcrun -sdk macosx clang -arch x86_64 -c -Ofast -mmacosx-version-min=10.7  conftest.c >&5
configure:7697: $? = 0
configure:7697: result: yes
configure:7711: checking for dlfcn.h
configure:7711: xcrun -sdk macosx clang -arch x86_64 -c -Ofast -mmacosx-version-min=10.7  conftest.c >&5
configure:7711: $? = 0
configure:7711: result: yes
configure:8215: checking for objdir
configure:8230: result: .libs
configure:8497: checking if xcrun -sdk macosx clang -arch x86_64 supports -fno-rtti -fno-exceptions
configure:8515: xcrun -sdk macosx clang -arch x86_64 -c -Ofast -mmacosx-version-min=10.7  -fno-rtti -fno-exceptions conftest.c >&5
configure:8519: $? = 0
configure:8532: result: yes
configure:8859: checking for xcrun -sdk macosx clang -arch x86_64 option to produce PIC
configure:8866: result: -fno-common -DPIC
configure:8874: checking if xcrun -sdk macosx clang -arch x86_64 PIC flag -fno-common -DPIC works
configure:8892: xcrun -sdk macosx clang -arch x86_64 -c -Ofast -mmacosx-version-min=10.7  -fno-common -DPIC -DPIC conftest.c >&5
configure:8896: $? = 0
configure:8909: result: yes
configure:8938: checking if xcrun -sdk macosx clang -arch x86_64 static flag -static works
configure:8966: result: no
configure:8981: checking if xcrun -sdk macosx clang -arch x86_64 supports -c -o file.o
configure:9002: xcrun -sdk macosx clang -arch x86_64 -c -Ofast -mmacosx-version-min=10.7  -o out/conftest2.o conftest.c >&5
configure:9006: $? = 0
configure:9028: result: yes
configure:9036: checking if xcrun -sdk macosx clang -arch x86_64 supports -c -o file.o
configure:9083: result: yes
configure:9116: checking whether the xcrun -sdk macosx clang -arch x86_64 linker (/Applications/Xcode.app/Contents/Developer/Toolchains/XcodeDefault.xctoolchain/usr/bin/ld) supports shared libraries
configure:10269: result: yes
configure:10509: checking dynamic linker characteristics
configure:11242: result: darwin13.3.0 dyld
configure:11349: checking how to hardcode library paths into programs
configure:11374: result: immediate
configure:11914: checking whether stripping libraries is possible
configure:11928: result: yes
configure:11954: checking if libtool supports shared libraries
configure:11956: result: yes
configure:11959: checking whether to build shared libraries
configure:11980: result: yes
configure:11983: checking whether to build static libraries
configure:11987: result: yes
configure:12029: checking for a C preprocessor that does not parse its input
configure:12035: xcrun -sdk macosx clang -arch x86_64 -E  conftest.c
configure:12035: $? = 0
configure:12055: result: xcrun -sdk macosx clang -arch x86_64 -E
configure:12066: checking for ANSI C header files
configure:12170: result: yes
configure:12181: checking malloc.h usability
configure:12181: xcrun -sdk macosx clang -arch x86_64 -c -Ofast -mmacosx-version-min=10.7  conftest.c >&5
conftest.c:57:10: fatal error: 'malloc.h' file not found
#include <malloc.h>
         ^
1 error generated.
configure:12181: $? = 1
configure: failed program was:
| /* confdefs.h */
| #define PACKAGE_NAME "libpng"
| #define PACKAGE_TARNAME "libpng"
| #define PACKAGE_VERSION "1.5.11"
| #define PACKAGE_STRING "libpng 1.5.11"
| #define PACKAGE_BUGREPORT "png-mng-implement@lists.sourceforge.net"
| #define PACKAGE_URL ""
| #define PACKAGE "libpng"
| #define VERSION "1.5.11"
| #define STDC_HEADERS 1
| #define HAVE_SYS_TYPES_H 1
| #define HAVE_SYS_STAT_H 1
| #define HAVE_STDLIB_H 1
| #define HAVE_STRING_H 1
| #define HAVE_MEMORY_H 1
| #define HAVE_STRINGS_H 1
| #define HAVE_INTTYPES_H 1
| #define HAVE_STDINT_H 1
| #define HAVE_UNISTD_H 1
| #define HAVE_DLFCN_H 1
| #define LT_OBJDIR ".libs/"
| #define STDC_HEADERS 1
| /* end confdefs.h.  */
| #include <stdio.h>
| #ifdef HAVE_SYS_TYPES_H
| # include <sys/types.h>
| #endif
| #ifdef HAVE_SYS_STAT_H
| # include <sys/stat.h>
| #endif
| #ifdef STDC_HEADERS
| # include <stdlib.h>
| # include <stddef.h>
| #else
| # ifdef HAVE_STDLIB_H
| #  include <stdlib.h>
| # endif
| #endif
| #ifdef HAVE_STRING_H
| # if !defined STDC_HEADERS && defined HAVE_MEMORY_H
| #  include <memory.h>
| # endif
| # include <string.h>
| #endif
| #ifdef HAVE_STRINGS_H
| # include <strings.h>
| #endif
| #ifdef HAVE_INTTYPES_H
| # include <inttypes.h>
| #endif
| #ifdef HAVE_STDINT_H
| # include <stdint.h>
| #endif
| #ifdef HAVE_UNISTD_H
| # include <unistd.h>
| #endif
| #include <malloc.h>
configure:12181: result: no
configure:12181: checking malloc.h presence
configure:12181: xcrun -sdk macosx clang -arch x86_64 -E  conftest.c
conftest.c:24:10: fatal error: 'malloc.h' file not found
#include <malloc.h>
         ^
1 error generated.
configure:12181: $? = 1
configure: failed program was:
| /* confdefs.h */
| #define PACKAGE_NAME "libpng"
| #define PACKAGE_TARNAME "libpng"
| #define PACKAGE_VERSION "1.5.11"
| #define PACKAGE_STRING "libpng 1.5.11"
| #define PACKAGE_BUGREPORT "png-mng-implement@lists.sourceforge.net"
| #define PACKAGE_URL ""
| #define PACKAGE "libpng"
| #define VERSION "1.5.11"
| #define STDC_HEADERS 1
| #define HAVE_SYS_TYPES_H 1
| #define HAVE_SYS_STAT_H 1
| #define HAVE_STDLIB_H 1
| #define HAVE_STRING_H 1
| #define HAVE_MEMORY_H 1
| #define HAVE_STRINGS_H 1
| #define HAVE_INTTYPES_H 1
| #define HAVE_STDINT_H 1
| #define HAVE_UNISTD_H 1
| #define HAVE_DLFCN_H 1
| #define LT_OBJDIR ".libs/"
| #define STDC_HEADERS 1
| /* end confdefs.h.  */
| #include <malloc.h>
configure:12181: result: no
configure:12181: checking for malloc.h
configure:12181: result: no
configure:12181: checking for stdlib.h
configure:12181: result: yes
configure:12181: checking for string.h
configure:12181: result: yes
configure:12181: checking for strings.h
configure:12181: result: yes
configure:12193: checking for an ANSI C-conforming const
configure:12258: xcrun -sdk macosx clang -arch x86_64 -c -Ofast -mmacosx-version-min=10.7  conftest.c >&5
configure:12258: $? = 0
configure:12265: result: yes
configure:12273: checking for size_t
configure:12273: xcrun -sdk macosx clang -arch x86_64 -c -Ofast -mmacosx-version-min=10.7  conftest.c >&5
configure:12273: $? = 0
configure:12273: xcrun -sdk macosx clang -arch x86_64 -c -Ofast -mmacosx-version-min=10.7  conftest.c >&5
conftest.c:63:21: error: expected expression
if (sizeof ((size_t)))
                    ^
1 error generated.
configure:12273: $? = 1
configure: failed program was:
| /* confdefs.h */
| #define PACKAGE_NAME "libpng"
| #define PACKAGE_TARNAME "libpng"
| #define PACKAGE_VERSION "1.5.11"
| #define PACKAGE_STRING "libpng 1.5.11"
| #define PACKAGE_BUGREPORT "png-mng-implement@lists.sourceforge.net"
| #define PACKAGE_URL ""
| #define PACKAGE "libpng"
| #define VERSION "1.5.11"
| #define STDC_HEADERS 1
| #define HAVE_SYS_TYPES_H 1
| #define HAVE_SYS_STAT_H 1
| #define HAVE_STDLIB_H 1
| #define HAVE_STRING_H 1
| #define HAVE_MEMORY_H 1
| #define HAVE_STRINGS_H 1
| #define HAVE_INTTYPES_H 1
| #define HAVE_STDINT_H 1
| #define HAVE_UNISTD_H 1
| #define HAVE_DLFCN_H 1
| #define LT_OBJDIR ".libs/"
| #define STDC_HEADERS 1
| #define HAVE_STDLIB_H 1
| #define HAVE_STRING_H 1
| #define HAVE_STRINGS_H 1
| /* end confdefs.h.  */
| #include <stdio.h>
| #ifdef HAVE_SYS_TYPES_H
| # include <sys/types.h>
| #endif
| #ifdef HAVE_SYS_STAT_H
| # include <sys/stat.h>
| #endif
| #ifdef STDC_HEADERS
| # include <stdlib.h>
| # include <stddef.h>
| #else
| # ifdef HAVE_STDLIB_H
| #  include <stdlib.h>
| # endif
| #endif
| #ifdef HAVE_STRING_H
| # if !defined STDC_HEADERS && defined HAVE_MEMORY_H
| #  include <memory.h>
| # endif
| # include <string.h>
| #endif
| #ifdef HAVE_STRINGS_H
| # include <strings.h>
| #endif
| #ifdef HAVE_INTTYPES_H
| # include <inttypes.h>
| #endif
| #ifdef HAVE_STDINT_H
| # include <stdint.h>
| #endif
| #ifdef HAVE_UNISTD_H
| # include <unistd.h>
| #endif
| int
| main ()
| {
| if (sizeof ((size_t)))
| 	    return 0;
|   ;
|   return 0;
| }
configure:12273: result: yes
configure:12284: checking whether struct tm is in sys/time.h or time.h
configure:12304: xcrun -sdk macosx clang -arch x86_64 -c -Ofast -mmacosx-version-min=10.7  conftest.c >&5
configure:12304: $? = 0
configure:12311: result: time.h
configure:12319: checking for C/C++ restrict keyword
configure:12344: xcrun -sdk macosx clang -arch x86_64 -c -Ofast -mmacosx-version-min=10.7  conftest.c >&5
configure:12344: $? = 0
configure:12352: result: __restrict
configure:12367: checking for working strtod
configure:12408: xcrun -sdk macosx clang -arch x86_64 -o conftest -Ofast -mmacosx-version-min=10.7  -flto conftest.c  >&5
configure:12408: $? = 0
configure:12408: ./conftest
configure:12408: $? = 0
configure:12418: result: yes
configure:12482: checking for memset
configure:12482: xcrun -sdk macosx clang -arch x86_64 -o conftest -Ofast -mmacosx-version-min=10.7  -flto conftest.c  >&5
conftest.c:51:6: warning: incompatible redeclaration of library function 'memset' [-Wincompatible-library-redeclaration]
char memset ();
     ^
conftest.c:51:6: note: 'memset' is a builtin with type 'void *(void *, int, unsigned long)'
1 warning generated.
configure:12482: $? = 0
configure:12482: result: yes
configure:12495: checking for pow
configure:12495: xcrun -sdk macosx clang -arch x86_64 -o conftest -Ofast -mmacosx-version-min=10.7  -flto conftest.c  >&5
conftest.c:52:6: warning: incompatible redeclaration of library function 'pow' [-Wincompatible-library-redeclaration]
char pow ();
     ^
conftest.c:52:6: note: 'pow' is a builtin with type 'double (double, double)'
1 warning generated.
configure:12495: $? = 0
configure:12495: result: yes
configure:12560: checking for zlibVersion in -lz
configure:12585: xcrun -sdk macosx clang -arch x86_64 -o conftest -Ofast -mmacosx-version-min=10.7  -flto conftest.c -lz   >&5
configure:12585: $? = 0
configure:12594: result: yes
configure:12659: checking for feenableexcept in -lm
configure:12684: xcrun -sdk macosx clang -arch x86_64 -o conftest -Ofast -mmacosx-version-min=10.7  -flto conftest.c -lm  -lz  >&5
undef: _feenableexcept
Undefined symbols for architecture x86_64:
  "_feenableexcept", referenced from:
      _main in conftest-4194dc.o
ld: symbol(s) not found for architecture x86_64
clang: error: linker command failed with exit code 1 (use -v to see invocation)
configure:12684: $? = 1
configure: failed program was:
| /* confdefs.h */
| #define PACKAGE_NAME "libpng"
| #define PACKAGE_TARNAME "libpng"
| #define PACKAGE_VERSION "1.5.11"
| #define PACKAGE_STRING "libpng 1.5.11"
| #define PACKAGE_BUGREPORT "png-mng-implement@lists.sourceforge.net"
| #define PACKAGE_URL ""
| #define PACKAGE "libpng"
| #define VERSION "1.5.11"
| #define STDC_HEADERS 1
| #define HAVE_SYS_TYPES_H 1
| #define HAVE_SYS_STAT_H 1
| #define HAVE_STDLIB_H 1
| #define HAVE_STRING_H 1
| #define HAVE_MEMORY_H 1
| #define HAVE_STRINGS_H 1
| #define HAVE_INTTYPES_H 1
| #define HAVE_STDINT_H 1
| #define HAVE_UNISTD_H 1
| #define HAVE_DLFCN_H 1
| #define LT_OBJDIR ".libs/"
| #define STDC_HEADERS 1
| #define HAVE_STDLIB_H 1
| #define HAVE_STRING_H 1
| #define HAVE_STRINGS_H 1
| #define restrict __restrict
| #define HAVE_MEMSET 1
| #define HAVE_POW 1
| #define HAVE_LIBZ 1
| /* end confdefs.h.  */
| 
| /* Override any GCC internal prototype to avoid an error.
|    Use char because int might match the return type of a GCC
|    builtin and then its argument prototype would still apply.  */
| #ifdef __cplusplus
| extern "C"
| #endif
| char feenableexcept ();
| int
| main ()
| {
| return feenableexcept ();
|   ;
|   return 0;
| }
configure:12693: result: no
configure:12706: checking for feenableexcept
configure:12706: xcrun -sdk macosx clang -arch x86_64 -o conftest -Ofast -mmacosx-version-min=10.7  -flto conftest.c -lz  >&5
undef: _feenableexcept
Undefined symbols for architecture x86_64:
  "_feenableexcept", referenced from:
      _main in conftest-e51135.o
ld: symbol(s) not found for architecture x86_64
clang: error: linker command failed with exit code 1 (use -v to see invocation)
configure:12706: $? = 1
configure: failed program was:
| /* confdefs.h */
| #define PACKAGE_NAME "libpng"
| #define PACKAGE_TARNAME "libpng"
| #define PACKAGE_VERSION "1.5.11"
| #define PACKAGE_STRING "libpng 1.5.11"
| #define PACKAGE_BUGREPORT "png-mng-implement@lists.sourceforge.net"
| #define PACKAGE_URL ""
| #define PACKAGE "libpng"
| #define VERSION "1.5.11"
| #define STDC_HEADERS 1
| #define HAVE_SYS_TYPES_H 1
| #define HAVE_SYS_STAT_H 1
| #define HAVE_STDLIB_H 1
| #define HAVE_STRING_H 1
| #define HAVE_MEMORY_H 1
| #define HAVE_STRINGS_H 1
| #define HAVE_INTTYPES_H 1
| #define HAVE_STDINT_H 1
| #define HAVE_UNISTD_H 1
| #define HAVE_DLFCN_H 1
| #define LT_OBJDIR ".libs/"
| #define STDC_HEADERS 1
| #define HAVE_STDLIB_H 1
| #define HAVE_STRING_H 1
| #define HAVE_STRINGS_H 1
| #define restrict __restrict
| #define HAVE_MEMSET 1
| #define HAVE_POW 1
| #define HAVE_LIBZ 1
| /* end confdefs.h.  */
| /* Define feenableexcept to an innocuous variant, in case <limits.h> declares feenableexcept.
|    For example, HP-UX 11i <limits.h> declares gettimeofday.  */
| #define feenableexcept innocuous_feenableexcept
| 
| /* System header to define __stub macros and hopefully few prototypes,
|     which can conflict with char feenableexcept (); below.
|     Prefer <limits.h> to <assert.h> if __STDC__ is defined, since
|     <limits.h> exists even on freestanding compilers.  */
| 
| #ifdef __STDC__
| # include <limits.h>
| #else
| # include <assert.h>
| #endif
| 
| #undef feenableexcept
| 
| /* Override any GCC internal prototype to avoid an error.
|    Use char because int might match the return type of a GCC
|    builtin and then its argument prototype would still apply.  */
| #ifdef __cplusplus
| extern "C"
| #endif
| char feenableexcept ();
| /* The GNU C library defines this for functions which it implements
|     to always fail with ENOSYS.  Some functions are actually named
|     something starting with __ and the normal name is an alias.  */
| #if defined __stub_feenableexcept || defined __stub___feenableexcept
| choke me
| #endif
| 
| int
| main ()
| {
| return feenableexcept ();
|   ;
|   return 0;
| }
configure:12706: result: no
configure:12720: checking if using Solaris linker
configure:12729: result: no
configure:12741: checking if libraries can be versioned
configure:12766: result: no
configure:12768: WARNING: *** You have not enabled versioned symbols.
configure:12813: pkgconfig directory is ${libdir}/pkgconfig
configure:13016: creating ./config.status

## ---------------------- ##
## Running config.status. ##
## ---------------------- ##

This file was extended by libpng config.status 1.5.11, which was
generated by GNU Autoconf 2.68.  Invocation command line was

  CONFIG_FILES    = 
  CONFIG_HEADERS  = 
  CONFIG_LINKS    = 
  CONFIG_COMMANDS = 
  $ ./config.status 

on Tetsushi-no-iMac.local

config.status:1122: creating Makefile
config.status:1122: creating libpng.pc
config.status:1122: creating libpng-config
config.status:1122: creating config.h
config.status:1303: config.h is unchanged
config.status:1351: executing depfiles commands
config.status:1351: executing libtool commands

## ---------------- ##
## Cache variables. ##
## ---------------- ##

ac_cv_build=x86_64-apple-darwin13.3.0
ac_cv_c_compiler_gnu=yes
ac_cv_c_const=yes
ac_cv_c_restrict=__restrict
ac_cv_env_CCASFLAGS_set=
ac_cv_env_CCASFLAGS_value=
ac_cv_env_CCAS_set=
ac_cv_env_CCAS_value=
ac_cv_env_CC_set=set
ac_cv_env_CC_value='xcrun -sdk macosx clang -arch x86_64'
ac_cv_env_CFLAGS_set=set
ac_cv_env_CFLAGS_value='-Ofast -mmacosx-version-min=10.7'
ac_cv_env_CPPFLAGS_set=
ac_cv_env_CPPFLAGS_value=
ac_cv_env_CPP_set=
ac_cv_env_CPP_value=
ac_cv_env_LDFLAGS_set=set
ac_cv_env_LDFLAGS_value=-flto
ac_cv_env_LIBS_set=
ac_cv_env_LIBS_value=
ac_cv_env_build_alias_set=
ac_cv_env_build_alias_value=
ac_cv_env_host_alias_set=
ac_cv_env_host_alias_value=
ac_cv_env_target_alias_set=
ac_cv_env_target_alias_value=
ac_cv_func_feenableexcept=no
ac_cv_func_memset=yes
ac_cv_func_pow=yes
ac_cv_func_strtod=yes
ac_cv_header_dlfcn_h=yes
ac_cv_header_inttypes_h=yes
ac_cv_header_malloc_h=no
ac_cv_header_memory_h=yes
ac_cv_header_stdc=yes
ac_cv_header_stdint_h=yes
ac_cv_header_stdlib_h=yes
ac_cv_header_string_h=yes
ac_cv_header_strings_h=yes
ac_cv_header_sys_stat_h=yes
ac_cv_header_sys_types_h=yes
ac_cv_header_unistd_h=yes
ac_cv_host=x86_64-apple-darwin13.3.0
ac_cv_lib_m_feenableexcept=no
ac_cv_lib_z_zlibVersion=yes
ac_cv_objext=o
ac_cv_path_EGREP='/usr/bin/grep -E'
ac_cv_path_FGREP='/usr/bin/grep -F'
ac_cv_path_GREP=/usr/bin/grep
ac_cv_path_SED=/usr/bin/sed
ac_cv_path_install='/usr/bin/install -c'
ac_cv_prog_AWK=awk
ac_cv_prog_CPP='xcrun -sdk macosx clang -arch x86_64 -E'
ac_cv_prog_ac_ct_AR=ar
ac_cv_prog_ac_ct_CC='xcrun -sdk macosx clang -arch x86_64'
ac_cv_prog_ac_ct_DSYMUTIL=dsymutil
ac_cv_prog_ac_ct_LIPO=lipo
ac_cv_prog_ac_ct_NMEDIT=nmedit
ac_cv_prog_ac_ct_OTOOL=otool
ac_cv_prog_ac_ct_RANLIB=ranlib
ac_cv_prog_ac_ct_SED=/usr/bin/sed
ac_cv_prog_ac_ct_STRIP=strip
ac_cv_prog_cc_c89=
ac_cv_prog_cc_g=yes
ac_cv_prog_make_make_set=yes
ac_cv_struct_tm=time.h
ac_cv_type_size_t=yes
am_cv_CCAS_dependencies_compiler_type=gcc3
am_cv_CC_dependencies_compiler_type=gcc3
lt_cv_apple_cc_single_mod=yes
lt_cv_ar_at_file=no
lt_cv_deplibs_check_method=pass_all
lt_cv_file_magic_cmd='$MAGIC_CMD'
lt_cv_file_magic_test_file=
lt_cv_ld_exported_symbols_list=yes
lt_cv_ld_force_load=yes
lt_cv_ld_reload_flag=-r
lt_cv_nm_interface='BSD nm'
lt_cv_objdir=.libs
lt_cv_path_LD=/Applications/Xcode.app/Contents/Developer/Toolchains/XcodeDefault.xctoolchain/usr/bin/ld
lt_cv_path_NM=/Applications/Xcode.app/Contents/Developer/Platforms/iPhoneOS.platform/Developer/usr/bin/nm
lt_cv_path_mainfest_tool=no
lt_cv_prog_compiler_c_o=yes
lt_cv_prog_compiler_pic='-fno-common -DPIC'
lt_cv_prog_compiler_pic_works=yes
lt_cv_prog_compiler_rtti_exceptions=yes
lt_cv_prog_compiler_static_works=no
lt_cv_prog_gnu_ld=no
lt_cv_sharedlib_from_linklib_cmd='printf %s\n'
lt_cv_sys_global_symbol_pipe='sed -n -e '\''s/^.*[	 ]\([BCDEGRST][BCDEGRST]*\)[	 ][	 ]*_\([_A-Za-z][_A-Za-z0-9]*\)$/\1 _\2 \2/p'\'' | sed '\''/ __gnu_lto/d'\'''
lt_cv_sys_global_symbol_to_c_name_address='sed -n -e '\''s/^: \([^ ]*\)[ ]*$/  {\"\1\", (void *) 0},/p'\'' -e '\''s/^[BCDEGRST]* \([^ ]*\) \([^ ]*\)$/  {"\2", (void *) \&\2},/p'\'''
lt_cv_sys_global_symbol_to_c_name_address_lib_prefix='sed -n -e '\''s/^: \([^ ]*\)[ ]*$/  {\"\1\", (void *) 0},/p'\'' -e '\''s/^[BCDEGRST]* \([^ ]*\) \(lib[^ ]*\)$/  {"\2", (void *) \&\2},/p'\'' -e '\''s/^[BCDEGRST]* \([^ ]*\) \([^ ]*\)$/  {"lib\2", (void *) \&\2},/p'\'''
lt_cv_sys_global_symbol_to_cdecl='sed -n -e '\''s/^T .* \(.*\)$/extern int \1();/p'\'' -e '\''s/^[BCDEGRST]* .* \(.*\)$/extern char \1;/p'\'''
lt_cv_sys_max_cmd_len=196608
lt_cv_to_host_file_cmd=func_convert_file_noop
lt_cv_to_tool_file_cmd=func_convert_file_noop

## ----------------- ##
## Output variables. ##
## ----------------- ##

ACLOCAL='${SHELL} /Users/tetsushi2/Documents/Develop/shootingApp/shootingApp/lib/libpng-1.5.11/missing --run aclocal-1.11'
AMDEPBACKSLASH='\'
AMDEP_FALSE='#'
AMDEP_TRUE=''
AMTAR='${SHELL} /Users/tetsushi2/Documents/Develop/shootingApp/shootingApp/lib/libpng-1.5.11/missing --run tar'
AM_CCASFLAGS='-Wa,--noexecstack'
AR='ar'
AS='as'
AUTOCONF='${SHELL} /Users/tetsushi2/Documents/Develop/shootingApp/shootingApp/lib/libpng-1.5.11/missing --run autoconf'
AUTOHEADER='${SHELL} /Users/tetsushi2/Documents/Develop/shootingApp/shootingApp/lib/libpng-1.5.11/missing --run autoheader'
AUTOMAKE='${SHELL} /Users/tetsushi2/Documents/Develop/shootingApp/shootingApp/lib/libpng-1.5.11/missing --run automake-1.11'
AWK='awk'
CC='xcrun -sdk macosx clang -arch x86_64'
CCAS='xcrun -sdk macosx clang -arch x86_64'
CCASDEPMODE='depmode=gcc3'
CCASFLAGS='-Ofast -mmacosx-version-min=10.7'
CCDEPMODE='depmode=gcc3'
CFLAGS='-Ofast -mmacosx-version-min=10.7'
CPP='xcrun -sdk macosx clang -arch x86_64 -E'
CPPFLAGS=''
CYGPATH_W='echo'
DEFS='-DHAVE_CONFIG_H'
DEPDIR='.deps'
DFNCPP='xcrun -sdk macosx clang -arch x86_64 -E'
DLLTOOL='false'
DSYMUTIL='dsymutil'
DUMPBIN=''
ECHO_C='\c'
ECHO_N=''
ECHO_T=''
EGREP='/usr/bin/grep -E'
EXEEXT=''
FGREP='/usr/bin/grep -F'
GREP='/usr/bin/grep'
HAVE_LD_VERSION_SCRIPT_FALSE=''
HAVE_LD_VERSION_SCRIPT_TRUE='#'
HAVE_SOLARIS_LD_FALSE=''
HAVE_SOLARIS_LD_TRUE='#'
INSTALL_DATA='${INSTALL} -m 644'
INSTALL_PROGRAM='${INSTALL}'
INSTALL_SCRIPT='${INSTALL}'
INSTALL_STRIP_PROGRAM='$(install_sh) -c -s'
LD='/Applications/Xcode.app/Contents/Developer/Toolchains/XcodeDefault.xctoolchain/usr/bin/ld'
LDFLAGS='-flto'
LIBOBJS=''
LIBPNG_DEFINES='-DPNG_CONFIGURE_LIBPNG'
LIBS='-lz '
LIBTOOL='$(SHELL) $(top_builddir)/libtool'
LIPO='lipo'
LN_S='ln -s'
LTLIBOBJS=''
MAINT='#'
MAINTAINER_MODE_FALSE=''
MAINTAINER_MODE_TRUE='#'
MAKEINFO='${SHELL} /Users/tetsushi2/Documents/Develop/shootingApp/shootingApp/lib/libpng-1.5.11/missing --run makeinfo'
MANIFEST_TOOL=':'
MKDIR_P='./install-sh -c -d'
NM='/Applications/Xcode.app/Contents/Developer/Platforms/iPhoneOS.platform/Developer/usr/bin/nm'
NMEDIT='nmedit'
OBJDUMP='false'
OBJEXT='o'
OTOOL64=':'
OTOOL='otool'
PACKAGE='libpng'
PACKAGE_BUGREPORT='png-mng-implement@lists.sourceforge.net'
PACKAGE_NAME='libpng'
PACKAGE_STRING='libpng 1.5.11'
PACKAGE_TARNAME='libpng'
PACKAGE_URL=''
PACKAGE_VERSION='1.5.11'
PATH_SEPARATOR=':'
PNGLIB_MAJOR='1'
PNGLIB_MINOR='5'
PNGLIB_RELEASE='11'
PNGLIB_VERSION='1.5.11'
PNG_ARM_NEON_FALSE=''
PNG_ARM_NEON_TRUE='#'
POW_LIB=''
RANLIB='ranlib'
SED='/usr/bin/sed'
SET_MAKE=''
SHELL='/bin/sh'
STRIP='strip'
SYMBOL_PREFIX=''
VERSION='1.5.11'
ac_ct_AR='ar'
ac_ct_CC='xcrun -sdk macosx clang -arch x86_64'
ac_ct_DUMPBIN=''
am__EXEEXT_FALSE=''
am__EXEEXT_TRUE='#'
am__fastdepCCAS_FALSE='#'
am__fastdepCCAS_TRUE=''
am__fastdepCC_FALSE='#'
am__fastdepCC_TRUE=''
am__include='include'
am__isrc=''
am__leading_dot='.'
am__nodep='_no'
am__quote=''
am__tar='${AMTAR} chof - "$$tardir"'
am__untar='${AMTAR} xf -'
binconfigs='${binconfigs}'
bindir='${exec_prefix}/bin'
build='x86_64-apple-darwin13.3.0'
build_alias=''
build_cpu='x86_64'
build_os='darwin13.3.0'
build_vendor='apple'
datadir='${datarootdir}'
datarootdir='${prefix}/share'
docdir='${datarootdir}/doc/${PACKAGE_TARNAME}'
dvidir='${docdir}'
exec_prefix='${prefix}'
host='x86_64-apple-darwin13.3.0'
host_alias=''
host_cpu='x86_64'
host_os='darwin13.3.0'
host_vendor='apple'
htmldir='${docdir}'
includedir='${prefix}/include'
infodir='${datarootdir}/info'
install_sh='${SHELL} /Users/tetsushi2/Documents/Develop/shootingApp/shootingApp/lib/libpng-1.5.11/install-sh'
libdir='${exec_prefix}/lib'
libexecdir='${exec_prefix}/libexec'
localedir='${datarootdir}/locale'
localstatedir='${prefix}/var'
mandir='${datarootdir}/man'
mkdir_p='$(top_builddir)/./install-sh -c -d'
oldincludedir='/usr/include'
pdfdir='${docdir}'
pkgconfigdir='${libdir}/pkgconfig'
prefix='/Users/tetsushi2/Documents/Develop/shootingApp/shootingApp/lib/libpng-1.5.11/install_macosx'
program_transform_name='s,x,x,'
psdir='${docdir}'
sbindir='${exec_prefix}/sbin'
sharedstatedir='${prefix}/com'
sysconfdir='${prefix}/etc'
target_alias=''

## ----------- ##
## confdefs.h. ##
## ----------- ##

/* confdefs.h */
#define PACKAGE_NAME "libpng"
#define PACKAGE_TARNAME "libpng"
#define PACKAGE_VERSION "1.5.11"
#define PACKAGE_STRING "libpng 1.5.11"
#define PACKAGE_BUGREPORT "png-mng-implement@lists.sourceforge.net"
#define PACKAGE_URL ""
#define PACKAGE "libpng"
#define VERSION "1.5.11"
#define STDC_HEADERS 1
#define HAVE_SYS_TYPES_H 1
#define HAVE_SYS_STAT_H 1
#define HAVE_STDLIB_H 1
#define HAVE_STRING_H 1
#define HAVE_MEMORY_H 1
#define HAVE_STRINGS_H 1
#define HAVE_INTTYPES_H 1
#define HAVE_STDINT_H 1
#define HAVE_UNISTD_H 1
#define HAVE_DLFCN_H 1
#define LT_OBJDIR ".libs/"
#define STDC_HEADERS 1
#define HAVE_STDLIB_H 1
#define HAVE_STRING_H 1
#define HAVE_STRINGS_H 1
#define restrict __restrict
#define HAVE_MEMSET 1
#define HAVE_POW 1
#define HAVE_LIBZ 1

configure: exit 0
